Arguments: 
  E:\study\dev\node.exe E:\study\dev\node_global\node_modules\yarn\bin\yarn.js add browserslist

PATH: 
  E:\study\dev;C:\Program Files (x86)\Intel\iCLS Client\;C:\Program Files\Intel\iCLS Client\;C:\Windows\system32;C:\Windows;C:\Windows\System32\Wbem;C:\Windows\System32\WindowsPowerShell\v1.0\;C:\Program Files (x86)\Intel\Intel(R) Management Engine Components\DAL;C:\Program Files\Intel\Intel(R) Management Engine Components\DAL;C:\Program Files (x86)\Intel\Intel(R) Management Engine Components\IPT;C:\Program Files\Intel\Intel(R) Management Engine Components\IPT;C:\Program Files (x86)\NVIDIA Corporation\PhysX\Common;C:\WINDOWS\system32;C:\WINDOWS;C:\WINDOWS\System32\Wbem;C:\WINDOWS\System32\WindowsPowerShell\v1.0\;E:\study\dev\node_modules;E:\study\dev\node_global;C:\Users\vinkon\AppData\Local\Microsoft\WindowsApps;C:\Users\vinkon\AppData\Roaming\npm;E:\桌面应用\Microsoft VS Code\bin

Yarn version: 
  1.5.1

Node version: 
  8.10.0

Platform: 
  win32 x64

npm manifest: 
  {
    "name": "webpack-env",
    "version": "1.0.0",
    "description": "",
    "main": "bundle.js",
    "dependencies": {
      "_ansi-regex@2.1.1@ansi-regex": "^2.1.1",
      "_ajv@6.3.0@ajv": "^6.3.0",
      "_ajv-keywords@3.1.0@ajv-keywords": "^3.1.0",
      "_alphanum-sort@1.0.2@alphanum-sort": "^1.0.2",
      "_ansi-styles@2.2.1@ansi-styles": "^2.2.1",
      "_ansi-styles@3.2.1@ansi-styles": "^3.2.1",
      "_autoprefixer@6.7.7@autoprefixer": "^6.7.7",
      "_babel-code-frame@6.26.0@babel-code-frame": "^6.26.0",
      "_balanced-match@0.4.2@balanced-match": "^0.4.2",
      "_big.js@3.2.0@big.js": "^3.2.0",
      "_browserslist@1.7.7@browserslist": "^1.7.7",
      "_caniuse-api@1.6.1@caniuse-api": "^1.6.1",
      "_caniuse-db@1.0.30000815@caniuse-db": "^1.0.30000815",
      "_chalk@1.1.3@chalk": "^1.1.3",
      "_chalk@2.3.2@chalk": "^2.3.2",
      "_clone@1.0.3@clone": "^1.0.3",
      "_coa@1.0.4@coa": "^1.0.4",
      "_color-convert@1.9.1@color-convert": "^1.9.1",
      "_color-name@1.1.3@color-name": "^1.1.3",
      "_color-string@0.3.0@color-string": "^0.3.0",
      "_color@0.11.4@color": "^0.11.4",
      "_colormin@1.1.2@colormin": "^1.1.2",
      "_colors@1.1.2@colors": "^1.1.2",
      "_css-loader@0.28.11@css-loader": "^0.28.11",
      "_css-selector-tokenizer@0.7.0@css-selector-tokenizer": "^0.7.0",
      "_css-color-names@0.0.4@css-color-names": "^0.0.4",
      "_cssnano@3.10.0@cssnano": "^3.10.0",
      "_cssesc@0.1.0@cssesc": "^0.1.0",
      "_decamelize@1.2.0@decamelize": "^1.2.0",
      "_csso@2.3.2@csso": "^2.3.2",
      "_defined@1.0.0@defined": "^1.0.0",
      "_electron-to-chromium@1.3.39@electron-to-chromium": "^1.3.39",
      "_emojis-list@2.1.0@emojis-list": "^2.1.0",
      "_escape-string-regexp@1.0.5@escape-string-regexp": "^1.0.5",
      "_esprima@2.7.3@esprima": "^2.7.3",
      "_esutils@2.0.2@esutils": "^2.0.2",
      "_fast-deep-equal@1.1.0@fast-deep-equal": "^1.1.0",
      "_fast-json-stable-stringify@2.0.0@fast-json-stable-stringify": "^2.0.0",
      "_fastparse@1.1.1@fastparse": "^1.1.1",
      "_flatten@1.0.2@flatten": "^1.0.2",
      "_function-bind@1.1.1@function-bind": "^1.1.1",
      "_has-ansi@2.0.0@has-ansi": "^2.0.0",
      "_has-flag@1.0.0@has-flag": "^1.0.0",
      "_has-flag@3.0.0@has-flag": "^3.0.0",
      "_has@1.0.1@has": "^1.0.1",
      "_html-comment-regex@1.1.1@html-comment-regex": "^1.1.1",
      "_icss-replace-symbols@1.1.0@icss-replace-symbols": "^1.1.0",
      "_icss-utils@2.1.0@icss-utils": "^2.1.0",
      "_indexes-of@1.0.1@indexes-of": "^1.0.1",
      "_is-plain-obj@1.1.0@is-plain-obj": "^1.1.0",
      "_is-svg@2.1.0@is-svg": "^2.1.0",
      "_js-base64@2.4.3@js-base64": "^2.4.3",
      "_js-tokens@3.0.2@js-tokens": "^3.0.2",
      "_js-yaml@3.7.0@js-yaml": "^3.7.0",
      "_jsesc@0.5.0@jsesc": "^0.5.0",
      "_is-absolute-url@2.1.0@is-absolute-url": "^2.1.0",
      "_json-schema-traverse@0.3.1@json-schema-traverse": "^0.3.1",
      "_json5@0.5.1@json5": "^0.5.1",
      "_loader-utils@1.1.0@loader-utils": "^1.1.0",
      "_lodash.camelcase@4.3.0@lodash.camelcase": "^4.3.0",
      "_lodash.memoize@4.1.2@lodash.memoize": "^4.1.2",
      "_macaddress@0.2.8@macaddress": "^0.2.8",
      "_lodash.uniq@4.5.0@lodash.uniq": "^4.5.0",
      "_math-expression-evaluator@1.2.17@math-expression-evaluator": "^1.2.17",
      "_mkdirp@0.5.1@mkdirp": "^0.5.1",
      "_minimist@0.0.8@minimist": "^0.0.8",
      "_normalize-range@0.1.2@normalize-range": "^0.1.2",
      "_normalize-url@1.9.1@normalize-url": "^1.9.1",
      "_num2fraction@1.2.2@num2fraction": "^1.2.2",
      "_object-assign@4.1.1@object-assign": "^4.1.1",
      "_postcss-calc@5.3.1@postcss-calc": "^5.3.1",
      "_postcss-colormin@2.2.2@postcss-colormin": "^2.2.2",
      "_postcss-convert-values@2.6.1@postcss-convert-values": "^2.6.1",
      "_postcss-discard-duplicates@2.1.0@postcss-discard-duplicates": "^2.1.0",
      "_postcss-discard-comments@2.0.4@postcss-discard-comments": "^2.0.4",
      "_postcss-discard-empty@2.1.0@postcss-discard-empty": "^2.1.0",
      "_postcss-discard-overridden@0.1.1@postcss-discard-overridden": "^0.1.1",
      "_postcss-discard-unused@2.2.3@postcss-discard-unused": "^2.2.3",
      "_postcss-filter-plugins@2.0.2@postcss-filter-plugins": "^2.0.2",
      "_postcss-merge-idents@2.1.7@postcss-merge-idents": "^2.1.7",
      "_postcss-merge-rules@2.1.2@postcss-merge-rules": "^2.1.2",
      "_postcss-merge-longhand@2.0.2@postcss-merge-longhand": "^2.0.2",
      "_postcss-message-helpers@2.0.0@postcss-message-helpers": "^2.0.0",
      "_postcss-minify-font-values@1.0.5@postcss-minify-font-values": "^1.0.5",
      "_postcss-minify-gradients@1.0.5@postcss-minify-gradients": "^1.0.5",
      "_postcss-minify-params@1.2.2@postcss-minify-params": "^1.2.2",
      "_postcss-modules-extract-imports@1.2.0@postcss-modules-extract-imports": "^1.2.0",
      "_postcss-modules-scope@1.1.0@postcss-modules-scope": "^1.1.0",
      "_postcss-modules-local-by-default@1.2.0@postcss-modules-local-by-default": "^1.2.0",
      "_postcss-minify-selectors@2.1.1@postcss-minify-selectors": "^2.1.1",
      "_postcss-modules-values@1.3.0@postcss-modules-values": "^1.3.0",
      "_postcss-normalize-charset@1.1.1@postcss-normalize-charset": "^1.1.1",
      "_postcss-ordered-values@2.2.3@postcss-ordered-values": "^2.2.3",
      "_postcss-normalize-url@3.0.8@postcss-normalize-url": "^3.0.8",
      "_postcss-reduce-initial@1.0.1@postcss-reduce-initial": "^1.0.1",
      "_postcss-reduce-idents@2.4.0@postcss-reduce-idents": "^2.4.0",
      "_postcss-reduce-transforms@1.0.4@postcss-reduce-transforms": "^1.0.4",
      "_postcss-selector-parser@2.2.3@postcss-selector-parser": "^2.2.3",
      "_postcss-svgo@2.1.6@postcss-svgo": "^2.1.6",
      "_postcss-unique-selectors@2.0.2@postcss-unique-selectors": "^2.0.2",
      "_postcss-zindex@2.2.0@postcss-zindex": "^2.2.0",
      "_postcss@5.2.18@postcss": "^5.2.18",
      "_postcss@6.0.20@postcss": "^6.0.20",
      "_prepend-http@1.0.4@prepend-http": "^1.0.4",
      "_q@1.5.1@q": "^1.5.1",
      "_query-string@4.3.4@query-string": "^4.3.4",
      "_reduce-css-calc@1.3.0@reduce-css-calc": "^1.3.0",
      "_reduce-function-call@1.0.2@reduce-function-call": "^1.0.2",
      "_regenerate@1.3.3@regenerate": "^1.3.3",
      "_regexpu-core@1.0.0@regexpu-core": "^1.0.0",
      "_regjsparser@0.1.5@regjsparser": "^0.1.5",
      "_regjsgen@0.2.0@regjsgen": "^0.2.0",
      "_sax@1.2.4@sax": "^1.2.4",
      "_sort-keys@1.1.2@sort-keys": "^1.1.2",
      "_schema-utils@0.4.5@schema-utils": "^0.4.5",
      "_source-list-map@2.0.0@source-list-map": "^2.0.0",
      "_source-map@0.5.7@source-map": "^0.5.7",
      "_source-map@0.6.1@source-map": "^0.6.1",
      "_strict-uri-encode@1.1.0@strict-uri-encode": "^1.1.0",
      "_strip-ansi@3.0.1@strip-ansi": "^3.0.1",
      "_style-loader@0.20.3@style-loader": "^0.20.3",
      "_supports-color@2.0.0@supports-color": "^2.0.0",
      "_supports-color@3.2.3@supports-color": "^3.2.3",
      "_supports-color@5.3.0@supports-color": "^5.3.0",
      "_svgo@0.7.2@svgo": "^0.7.2",
      "_uniq@1.0.1@uniq": "^1.0.1",
      "_uniqid@4.1.1@uniqid": "^4.1.1",
      "_uniqs@2.0.0@uniqs": "^2.0.0",
      "_vendors@1.0.1@vendors": "^1.0.1",
      "_postcss-value-parser@3.3.0@postcss-value-parser": "^3.3.0",
      "css-loader": "^0.28.11",
      "style-loader": "^0.20.3",
      "_whet.extend@0.9.9@whet.extend": "^0.9.9"
    },
    "devDependencies": {
      "autoprefixer": "^8.1.0",
      "css-loader": "^0.28.11",
      "html-webpack-inline-source-plugin": "^0.0.10",
      "html-webpack-plugin": "^3.0.7",
      "postcss-loader": "^2.1.3",
      "style-loader": "^0.20.3",
      "webpack": "^4.1.1",
      "webpack-cli": "^2.0.12"
    },
    "scripts": {
      "test": "echo \"Error: no test specified\" && exit 1",
      "webpack": "webpack --config webpack.config.js --progress --display-modules --display-name --diaplay-reasons --colors"
    },
    "author": "",
    "license": "ISC"
  }

yarn manifest: 
  No manifest

Lockfile: 
  No lockfile

Trace: 
  Error: Couldn't find package "_ansi-regex" on the "npm" registry.
      at new MessageError (E:\study\dev\node_global\node_modules\yarn\lib\cli.js:186:110)
      at NpmResolver.<anonymous> (E:\study\dev\node_global\node_modules\yarn\lib\cli.js:51625:15)
      at Generator.next (<anonymous>)
      at step (E:\study\dev\node_global\node_modules\yarn\lib\cli.js:98:30)
      at E:\study\dev\node_global\node_modules\yarn\lib\cli.js:109:13
      at <anonymous>
      at process._tickCallback (internal/process/next_tick.js:188:7)
